<?xml version="1.0" encoding="UTF-8"?>
<!-- Generated by org.testng.reporters.JUnitXMLReporter -->
<testsuite ignored="0" hostname="Dilips-MacBook-Pro.local" failures="0" tests="3" name="Default test" time="3.503" errors="0" timestamp="19 Oct 2018 11:47:45 GMT">
  <testcase classname="com.r3pi.shrikhande.testscripts.Test01_UserAddressDisplayAndCheckEmailFormat" name="showUserEmailAddress" time="2.202"/>
  <testcase classname="com.r3pi.shrikhande.testscripts.Test03_PostTitleBodyforUser" name="postTitleBody" time="0.632"/>
  <testcase classname="com.r3pi.shrikhande.testscripts.Test02_GetUserPostsAndCheckIDTitleBody" name="checkIDTitleBody" time="0.624"/>
</testsuite> <!-- Default test -->
