<?xml version="1.0" encoding="UTF-8"?>
<testng-results ignored="0" total="1" passed="1" failed="0" skipped="0">
  <reporter-output>
  </reporter-output>
  <suite started-at="2018-10-18T19:42:48Z" name="Default suite" finished-at="2018-10-18T19:42:51Z" duration-ms="2568">
    <groups>
    </groups>
    <test started-at="2018-10-18T19:42:48Z" name="Default test" finished-at="2018-10-18T19:42:51Z" duration-ms="2568">
      <class name="com.r3pi.shrikhande.testscripts.Test03_PostTitleBodyforUser">
        <test-method is-config="true" signature="setup()[pri:0, instance:com.r3pi.shrikhande.testscripts.Test03_PostTitleBodyforUser@707194ba]" started-at="2018-10-18T19:42:48Z" name="setup" finished-at="2018-10-18T19:42:48Z" duration-ms="25" status="PASS">
          <reporter-output>
          </reporter-output>
        </test-method> <!-- setup -->
        <test-method signature="postTitleBody()[pri:0, instance:com.r3pi.shrikhande.testscripts.Test03_PostTitleBodyforUser@707194ba]" started-at="2018-10-18T19:42:48Z" name="postTitleBody" finished-at="2018-10-18T19:42:51Z" duration-ms="2519" status="PASS">
          <reporter-output>
          </reporter-output>
        </test-method> <!-- postTitleBody -->
      </class> <!-- com.r3pi.shrikhande.testscripts.Test03_PostTitleBodyforUser -->
    </test> <!-- Default test -->
  </suite> <!-- Default suite -->
</testng-results>
